#
# A fatal error has been detected by the Java Runtime Environment:
#
#  EXCEPTION_ACCESS_VIOLATION (0xc0000005) at pc=0x000000007110b5db, pid=15888, tid=3372
#
# JRE version: OpenJDK Runtime Environment (14.0.2+12) (build 14.0.2+12-46)
# Java VM: OpenJDK 64-Bit Server VM (14.0.2+12-46, mixed mode, tiered, compressed oops, g1 gc, windows-amd64)
# Problematic frame:
# C  [jSSC-2.8_x86_64.dll+0xb5db]
#
# No core dump will be written. Minidumps are not enabled by default on client versions of Windows
#
# If you would like to submit a bug report, please visit:
#   https://bugreport.java.com/bugreport/crash.jsp
# The crash happened outside the Java Virtual Machine in native code.
# See problematic frame for where to report the bug.
#

---------------  S U M M A R Y ------------

Command Line: -Dfile.encoding=UTF-8 -XX:+ShowCodeDetailsInExceptionMessages serial.MySerial

Host: Intel(R) Core(TM) i7-9700 CPU @ 3.00GHz, 8 cores, 7G,  Windows 10 , 64 bit Build 18362 (10.0.18362.1316)
Time: Wed Feb 10 11:43:31 2021 ¢¥eCN©öI¡¾©ö C¡ÍA¨ª¨öA elapsed time: 0 seconds (0d 0h 0m 0s)

---------------  T H R E A D  ---------------

Current thread (0x0000013e7e31e000):  JavaThread "main" [_thread_in_native, id=3372, stack(0x00000037f0c00000,0x00000037f0d00000)]

Stack: [0x00000037f0c00000,0x00000037f0d00000],  sp=0x00000037f0cff320,  free space=1020k
Native frames: (J=compiled Java code, j=interpreted, Vv=VM code, C=native code)
C  [jSSC-2.8_x86_64.dll+0xb5db]

Java frames: (J=compiled Java code, j=interpreted, Vv=VM code)
j  jssc.SerialNativeInterface.openPort(Ljava/lang/String;Z)J+0
j  jssc.SerialPort.openPort()Z+65
j  serial.MySerial.main([Ljava/lang/String;)V+54
v  ~StubRoutines::call_stub

siginfo: EXCEPTION_ACCESS_VIOLATION (0xc0000005), reading address 0x000000007c201dbe


Register to memory mapping:

RIP=0x000000007110b5db jSSC-2.8_x86_64.dll
RAX=0x000000007c201dbe is an unknown value
RBX=0x00000037f0cff390 is pointing into the stack for thread: 0x0000013e7e31e000
RCX=0x00007ffa375dc8d4 ntdll.dll
RDX=0x0 is NULL
RSP=0x00000037f0cff320 is pointing into the stack for thread: 0x0000013e7e31e000
RBP=0x00000037f0cff4a0 is pointing into the stack for thread: 0x0000013e7e31e000
RSI=0x0000013e7e31e310 points into unknown readable memory: a0 1a c6 f5 f9 7f 00 00
RDI=0x0000000000000440 is an unknown value
R8 =0x00000037f0cff218 is pointing into the stack for thread: 0x0000013e7e31e000
R9 =0x00000037f0cff310 is pointing into the stack for thread: 0x0000013e7e31e000
R10=0x0 is NULL
R11=0x0000000000000246 is an unknown value
R12=0x00000037f0cff560 is pointing into the stack for thread: 0x0000013e7e31e000
R13=0x0000013e7e3322b0 points into unknown readable memory: 25 00 5a 00 00 00 00 00
R14=0x00000037f0cff450 is pointing into the stack for thread: 0x0000013e7e31e000
R15=0x0000013e7e31e000 is a thread


Registers:
RAX=0x000000007c201dbe, RBX=0x00000037f0cff390, RCX=0x00007ffa375dc8d4, RDX=0x0000000000000000
RSP=0x00000037f0cff320, RBP=0x00000037f0cff4a0, RSI=0x0000013e7e31e310, RDI=0x0000000000000440
R8 =0x00000037f0cff218, R9 =0x00000037f0cff310, R10=0x0000000000000000, R11=0x0000000000000246
R12=0x00000037f0cff560, R13=0x0000013e7e3322b0, R14=0x00000037f0cff450, R15=0x0000013e7e31e000
RIP=0x000000007110b5db, EFLAGS=0x0000000000010202

Top of Stack: (sp=0x00000037f0cff320)
0x00000037f0cff320:   0000013e7c23fdb0 0000002c375806e1
0x00000037f0cff330:   000000007110b230 0000013e7e331fa0
0x00000037f0cff340:   00000037f0cff4a0 0000000000000004
0x00000037f0cff350:   0000013e7e31e310 0000000000000440
0x00000037f0cff360:   00000037f0cff4a0 0000000071112590
0x00000037f0cff370:   0000013e7e31e000 00000037f0cff450
0x00000037f0cff380:   0000013e7e3322b0 00000037f0cff560
0x00000037f0cff390:   0000013e7e3322b0 00007ffa375806e1
0x00000037f0cff3a0:   00000037f0cff3d0 0000013e7c210000
0x00000037f0cff3b0:   00000037f0cff4a0 0000000000000000
0x00000037f0cff3c0:   0000000071113500 0000000071113be8
0x00000037f0cff3d0:   00000037f0cff400 0000000071112641
0x00000037f0cff3e0:   00000037f0cff370 0000013e7e31e310
0x00000037f0cff3f0:   0000000000000000 0000000000000000
0x00000037f0cff400:   00000037f0cff4a0 0000000071101595
0x00000037f0cff410:   000000000000001c 0000013e00000000 

Instructions: (pc=0x000000007110b5db)
0x000000007110b4db:   48 85 c0 74 bf 44 8b 03 45 85 c0 0f 84 77 ff ff
0x000000007110b4eb:   ff eb 9f 66 90 e8 8b fe ff ff 48 89 05 0c 34 01
0x000000007110b4fb:   00 eb ad 66 90 e8 7b fe ff ff 48 89 05 fc 33 01
0x000000007110b50b:   00 eb 8b e8 8d fe ff ff c7 03 01 00 00 00 e9 6f
0x000000007110b51b:   ff ff ff 66 90 55 48 89 e5 56 53 48 83 ec 20 48
0x000000007110b52b:   8b 05 d7 33 01 00 48 8b 31 48 89 cb 48 85 c0 74
0x000000007110b53b:   56 44 8b 18 45 85 db 78 42 48 8b 05 bd 33 01 00
0x000000007110b54b:   48 85 c0 74 50 44 8b 10 45 85 d2 74 1d 48 89 f1
0x000000007110b55b:   e8 d0 fd ff ff 48 8b 13 48 8d 42 40 48 8b 48 08
0x000000007110b56b:   48 8b 6a 40 48 8b 60 10 ff e1 48 8b 05 9c 33 01
0x000000007110b57b:   00 48 85 c0 74 2d 48 89 30 eb da e8 b5 fe ff ff
0x000000007110b58b:   0f 1f 44 00 00 eb b2 e8 e9 fd ff ff 48 89 05 6a
0x000000007110b59b:   33 01 00 eb 9c e8 db fd ff ff 48 89 05 5c 33 01
0x000000007110b5ab:   00 eb a2 e8 3d fd ff ff 48 89 05 5e 33 01 00 eb
0x000000007110b5bb:   c5 0f 1f 40 00 55 57 56 53 48 83 ec 28 48 8b 05
0x000000007110b5cb:   39 33 01 00 48 89 cb 48 85 c0 0f 84 c5 00 00 00
0x000000007110b5db:   8b 38 85 ff 0f 88 ab 00 00 00 48 8b 05 1c 33 01
0x000000007110b5eb:   00 48 85 c0 0f 84 bc 00 00 00 8b 30 85 f6 74 57
0x000000007110b5fb:   48 8b 05 0e 33 01 00 48 85 c0 0f 84 e5 00 00 00
0x000000007110b60b:   8b 28 48 8b 35 10 5e 01 00 ff d6 89 c7 89 e9 ff
0x000000007110b61b:   15 f4 5e 01 00 89 f9 48 89 c5 ff 15 b9 5e 01 00
0x000000007110b62b:   48 8b 05 de 32 01 00 48 89 2b 48 85 c0 74 46 48
0x000000007110b63b:   89 da 8b 08 ff 15 d7 5e 01 00 85 c0 74 27 48 83
0x000000007110b64b:   c4 28 5b 5e 5f 5d c3 48 8b 05 bf 32 01 00 48 85
0x000000007110b65b:   c0 74 64 48 8b 10 48 89 13 48 89 18 48 83 c4 28
0x000000007110b66b:   5b 5e 5f 5d c3 48 89 f2 48 83 c4 28 5b 5e 5f 5d
0x000000007110b67b:   48 ff e2 66 90 e8 8b fc ff ff 48 89 05 84 32 01
0x000000007110b68b:   00 eb ac 66 90 e8 ab fd ff ff e9 4b ff ff ff 66
0x000000007110b69b:   0f 1f 44 00 00 e8 db fc ff ff 48 89 05 5c 32 01
0x000000007110b6ab:   00 e9 2a ff ff ff e8 ca fc ff ff 48 89 05 4b 32
0x000000007110b6bb:   01 00 e9 33 ff ff ff e8 29 fc ff ff 48 89 05 4a
0x000000007110b6cb:   32 01 00 48 8b 10 48 85 c0 48 89 13 75 8b e8 12 


Stack slot to memory mapping:
stack at sp + 0 slots: 0x0000013e7c23fdb0 points into unknown readable memory: 80 13 19 7c 3e 01 00 00
stack at sp + 1 slots: 0x0000002c375806e1 is an unknown value
stack at sp + 2 slots: 0x000000007110b230 jSSC-2.8_x86_64.dll
stack at sp + 3 slots: 0x0000013e7e331fa0 points into unknown readable memory: b0 fd 23 7c 3e 01 00 00
stack at sp + 4 slots: 0x00000037f0cff4a0 is pointing into the stack for thread: 0x0000013e7e31e000
stack at sp + 5 slots: 0x0000000000000004 is an unknown value
stack at sp + 6 slots: 0x0000013e7e31e310 points into unknown readable memory: a0 1a c6 f5 f9 7f 00 00
stack at sp + 7 slots: 0x0000000000000440 is an unknown value


---------------  P R O C E S S  ---------------

Threads class SMR info:
_java_thread_list=0x0000013e194ea570, length=11, elements={
0x0000013e7e31e000, 0x0000013e1932f800, 0x0000013e19330800, 0x0000013e1934e000,
0x0000013e1934f000, 0x0000013e1937d800, 0x0000013e1937f800, 0x0000013e19383000,
0x0000013e1938a800, 0x0000013e19506000, 0x0000013e19508800
}

Java Threads: ( => current thread )
=>0x0000013e7e31e000 JavaThread "main" [_thread_in_native, id=3372, stack(0x00000037f0c00000,0x00000037f0d00000)]
  0x0000013e1932f800 JavaThread "Reference Handler" daemon [_thread_blocked, id=16684, stack(0x00000037f1300000,0x00000037f1400000)]
  0x0000013e19330800 JavaThread "Finalizer" daemon [_thread_blocked, id=14784, stack(0x00000037f1400000,0x00000037f1500000)]
  0x0000013e1934e000 JavaThread "Signal Dispatcher" daemon [_thread_blocked, id=1136, stack(0x00000037f1500000,0x00000037f1600000)]
  0x0000013e1934f000 JavaThread "Attach Listener" daemon [_thread_blocked, id=4436, stack(0x00000037f1600000,0x00000037f1700000)]
  0x0000013e1937d800 JavaThread "Service Thread" daemon [_thread_blocked, id=10344, stack(0x00000037f1700000,0x00000037f1800000)]
  0x0000013e1937f800 JavaThread "C2 CompilerThread0" daemon [_thread_blocked, id=6152, stack(0x00000037f1800000,0x00000037f1900000)]
  0x0000013e19383000 JavaThread "C1 CompilerThread0" daemon [_thread_blocked, id=5860, stack(0x00000037f1900000,0x00000037f1a00000)]
  0x0000013e1938a800 JavaThread "Sweeper thread" daemon [_thread_blocked, id=12564, stack(0x00000037f1a00000,0x00000037f1b00000)]
  0x0000013e19506000 JavaThread "Notification Thread" daemon [_thread_blocked, id=6980, stack(0x00000037f1b00000,0x00000037f1c00000)]
  0x0000013e19508800 JavaThread "Common-Cleaner" daemon [_thread_blocked, id=9080, stack(0x00000037f1d00000,0x00000037f1e00000)]

Other Threads:
  0x0000013e1931b800 VMThread "VM Thread" [stack: 0x00000037f1200000,0x00000037f1300000] [id=9604]
  0x0000013e19514800 WatcherThread [stack: 0x00000037f1c00000,0x00000037f1d00000] [id=16820]
  0x0000013e7e361800 GCTaskThread "GC Thread#0" [stack: 0x00000037f0d00000,0x00000037f0e00000] [id=3392]
  0x0000013e7e375800 ConcurrentGCThread "G1 Main Marker" [stack: 0x00000037f0e00000,0x00000037f0f00000] [id=16976]
  0x0000013e7e377800 ConcurrentGCThread "G1 Conc#0" [stack: 0x00000037f0f00000,0x00000037f1000000] [id=10480]
  0x0000013e7fbc9800 ConcurrentGCThread "G1 Refine#0" [stack: 0x00000037f1000000,0x00000037f1100000] [id=10552]
  0x0000013e7fbca800 ConcurrentGCThread "G1 Young RemSet Sampling" [stack: 0x00000037f1100000,0x00000037f1200000] [id=11048]

Threads with active compile tasks:

VM state:not at safepoint (normal execution)

VM Mutex/Monitor currently owned by a thread: None

Heap address: 0x0000000081e00000, size: 2018 MB, Compressed Oops mode: 32-bit
Narrow klass base: 0x0000000000000000, Narrow klass shift: 3
Compressed class space size: 1073741824 Address: 0x0000000100000000

Heap:
 garbage-first heap   total 131072K, used 1024K [0x0000000081e00000, 0x0000000100000000)
  region size 1024K, 2 young (2048K), 0 survivors (0K)
 Metaspace       used 4706K, capacity 4752K, committed 4864K, reserved 1056768K
  class space    used 424K, capacity 432K, committed 512K, reserved 1048576K
Heap Regions: E=young(eden), S=young(survivor), O=old, HS=humongous(starts), HC=humongous(continues), CS=collection set, F=free, OA=open archive, CA=closed archive, TAMS=top-at-mark-start (previous, next)
|   0|0x0000000081e00000, 0x0000000081e00000, 0x0000000081f00000|  0%| F|  |TAMS 0x0000000081e00000, 0x0000000081e00000| Untracked 
|   1|0x0000000081f00000, 0x0000000081f00000, 0x0000000082000000|  0%| F|  |TAMS 0x0000000081f00000, 0x0000000081f00000| Untracked 
|   2|0x0000000082000000, 0x0000000082000000, 0x0000000082100000|  0%| F|  |TAMS 0x0000000082000000, 0x0000000082000000| Untracked 
|   3|0x0000000082100000, 0x0000000082100000, 0x0000000082200000|  0%| F|  |TAMS 0x0000000082100000, 0x0000000082100000| Untracked 
|   4|0x0000000082200000, 0x0000000082200000, 0x0000000082300000|  0%| F|  |TAMS 0x0000000082200000, 0x0000000082200000| Untracked 
|   5|0x0000000082300000, 0x0000000082300000, 0x0000000082400000|  0%| F|  |TAMS 0x0000000082300000, 0x0000000082300000| Untracked 
|   6|0x0000000082400000, 0x0000000082400000, 0x0000000082500000|  0%| F|  |TAMS 0x0000000082400000, 0x0000000082400000| Untracked 
|   7|0x0000000082500000, 0x0000000082500000, 0x0000000082600000|  0%| F|  |TAMS 0x0000000082500000, 0x0000000082500000| Untracked 
|   8|0x0000000082600000, 0x0000000082600000, 0x0000000082700000|  0%| F|  |TAMS 0x0000000082600000, 0x0000000082600000| Untracked 
|   9|0x0000000082700000, 0x0000000082700000, 0x0000000082800000|  0%| F|  |TAMS 0x0000000082700000, 0x0000000082700000| Untracked 
|  10|0x0000000082800000, 0x0000000082800000, 0x0000000082900000|  0%| F|  |TAMS 0x0000000082800000, 0x0000000082800000| Untracked 
|  11|0x0000000082900000, 0x0000000082900000, 0x0000000082a00000|  0%| F|  |TAMS 0x0000000082900000, 0x0000000082900000| Untracked 
|  12|0x0000000082a00000, 0x0000000082a00000, 0x0000000082b00000|  0%| F|  |TAMS 0x0000000082a00000, 0x0000000082a00000| Untracked 
|  13|0x0000000082b00000, 0x0000000082b00000, 0x0000000082c00000|  0%| F|  |TAMS 0x0000000082b00000, 0x0000000082b00000| Untracked 
|  14|0x0000000082c00000, 0x0000000082c00000, 0x0000000082d00000|  0%| F|  |TAMS 0x0000000082c00000, 0x0000000082c00000| Untracked 
|  15|0x0000000082d00000, 0x0000000082d00000, 0x0000000082e00000|  0%| F|  |TAMS 0x0000000082d00000, 0x0000000082d00000| Untracked 
|  16|0x0000000082e00000, 0x0000000082e00000, 0x0000000082f00000|  0%| F|  |TAMS 0x0000000082e00000, 0x0000000082e00000| Untracked 
|  17|0x0000000082f00000, 0x0000000082f00000, 0x0000000083000000|  0%| F|  |TAMS 0x0000000082f00000, 0x0000000082f00000| Untracked 
|  18|0x0000000083000000, 0x0000000083000000, 0x0000000083100000|  0%| F|  |TAMS 0x0000000083000000, 0x0000000083000000| Untracked 
|  19|0x0000000083100000, 0x0000000083100000, 0x0000000083200000|  0%| F|  |TAMS 0x0000000083100000, 0x0000000083100000| Untracked 
|  20|0x0000000083200000, 0x0000000083200000, 0x0000000083300000|  0%| F|  |TAMS 0x0000000083200000, 0x0000000083200000| Untracked 
|  21|0x0000000083300000, 0x0000000083300000, 0x0000000083400000|  0%| F|  |TAMS 0x0000000083300000, 0x0000000083300000| Untracked 
|  22|0x0000000083400000, 0x0000000083400000, 0x0000000083500000|  0%| F|  |TAMS 0x0000000083400000, 0x0000000083400000| Untracked 
|  23|0x0000000083500000, 0x0000000083500000, 0x0000000083600000|  0%| F|  |TAMS 0x0000000083500000, 0x0000000083500000| Untracked 
|  24|0x0000000083600000, 0x0000000083600000, 0x0000000083700000|  0%| F|  |TAMS 0x0000000083600000, 0x0000000083600000| Untracked 
|  25|0x0000000083700000, 0x0000000083700000, 0x0000000083800000|  0%| F|  |TAMS 0x0000000083700000, 0x0000000083700000| Untracked 
|  26|0x0000000083800000, 0x0000000083800000, 0x0000000083900000|  0%| F|  |TAMS 0x0000000083800000, 0x0000000083800000| Untracked 
|  27|0x0000000083900000, 0x0000000083900000, 0x0000000083a00000|  0%| F|  |TAMS 0x0000000083900000, 0x0000000083900000| Untracked 
|  28|0x0000000083a00000, 0x0000000083a00000, 0x0000000083b00000|  0%| F|  |TAMS 0x0000000083a00000, 0x0000000083a00000| Untracked 
|  29|0x0000000083b00000, 0x0000000083b00000, 0x0000000083c00000|  0%| F|  |TAMS 0x0000000083b00000, 0x0000000083b00000| Untracked 
|  30|0x0000000083c00000, 0x0000000083c00000, 0x0000000083d00000|  0%| F|  |TAMS 0x0000000083c00000, 0x0000000083c00000| Untracked 
|  31|0x0000000083d00000, 0x0000000083d00000, 0x0000000083e00000|  0%| F|  |TAMS 0x0000000083d00000, 0x0000000083d00000| Untracked 
|  32|0x0000000083e00000, 0x0000000083e00000, 0x0000000083f00000|  0%| F|  |TAMS 0x0000000083e00000, 0x0000000083e00000| Untracked 
|  33|0x0000000083f00000, 0x0000000083f00000, 0x0000000084000000|  0%| F|  |TAMS 0x0000000083f00000, 0x0000000083f00000| Untracked 
|  34|0x0000000084000000, 0x0000000084000000, 0x0000000084100000|  0%| F|  |TAMS 0x0000000084000000, 0x0000000084000000| Untracked 
|  35|0x0000000084100000, 0x0000000084100000, 0x0000000084200000|  0%| F|  |TAMS 0x0000000084100000, 0x0000000084100000| Untracked 
|  36|0x0000000084200000, 0x0000000084200000, 0x0000000084300000|  0%| F|  |TAMS 0x0000000084200000, 0x0000000084200000| Untracked 
|  37|0x0000000084300000, 0x0000000084300000, 0x0000000084400000|  0%| F|  |TAMS 0x0000000084300000, 0x0000000084300000| Untracked 
|  38|0x0000000084400000, 0x0000000084400000, 0x0000000084500000|  0%| F|  |TAMS 0x0000000084400000, 0x0000000084400000| Untracked 
|  39|0x0000000084500000, 0x0000000084500000, 0x0000000084600000|  0%| F|  |TAMS 0x0000000084500000, 0x0000000084500000| Untracked 
|  40|0x0000000084600000, 0x0000000084600000, 0x0000000084700000|  0%| F|  |TAMS 0x0000000084600000, 0x0000000084600000| Untracked 
|  41|0x0000000084700000, 0x0000000084700000, 0x0000000084800000|  0%| F|  |TAMS 0x0000000084700000, 0x0000000084700000| Untracked 
|  42|0x0000000084800000, 0x0000000084800000, 0x0000000084900000|  0%| F|  |TAMS 0x0000000084800000, 0x0000000084800000| Untracked 
|  43|0x0000000084900000, 0x0000000084900000, 0x0000000084a00000|  0%| F|  |TAMS 0x0000000084900000, 0x0000000084900000| Untracked 
|  44|0x0000000084a00000, 0x0000000084a00000, 0x0000000084b00000|  0%| F|  |TAMS 0x0000000084a00000, 0x0000000084a00000| Untracked 
|  45|0x0000000084b00000, 0x0000000084b00000, 0x0000000084c00000|  0%| F|  |TAMS 0x0000000084b00000, 0x0000000084b00000| Untracked 
|  46|0x0000000084c00000, 0x0000000084c00000, 0x0000000084d00000|  0%| F|  |TAMS 0x0000000084c00000, 0x0000000084c00000| Untracked 
|  47|0x0000000084d00000, 0x0000000084d00000, 0x0000000084e00000|  0%| F|  |TAMS 0x0000000084d00000, 0x0000000084d00000| Untracked 
|  48|0x0000000084e00000, 0x0000000084e00000, 0x0000000084f00000|  0%| F|  |TAMS 0x0000000084e00000, 0x0000000084e00000| Untracked 
|  49|0x0000000084f00000, 0x0000000084f00000, 0x0000000085000000|  0%| F|  |TAMS 0x0000000084f00000, 0x0000000084f00000| Untracked 
|  50|0x0000000085000000, 0x0000000085000000, 0x0000000085100000|  0%| F|  |TAMS 0x0000000085000000, 0x0000000085000000| Untracked 
|  51|0x0000000085100000, 0x0000000085100000, 0x0000000085200000|  0%| F|  |TAMS 0x0000000085100000, 0x0000000085100000| Untracked 
|  52|0x0000000085200000, 0x0000000085200000, 0x0000000085300000|  0%| F|  |TAMS 0x0000000085200000, 0x0000000085200000| Untracked 
|  53|0x0000000085300000, 0x0000000085300000, 0x0000000085400000|  0%| F|  |TAMS 0x0000000085300000, 0x0000000085300000| Untracked 
|  54|0x0000000085400000, 0x0000000085400000, 0x0000000085500000|  0%| F|  |TAMS 0x0000000085400000, 0x0000000085400000| Untracked 
|  55|0x0000000085500000, 0x0000000085500000, 0x0000000085600000|  0%| F|  |TAMS 0x0000000085500000, 0x0000000085500000| Untracked 
|  56|0x0000000085600000, 0x0000000085600000, 0x0000000085700000|  0%| F|  |TAMS 0x0000000085600000, 0x0000000085600000| Untracked 
|  57|0x0000000085700000, 0x0000000085700000, 0x0000000085800000|  0%| F|  |TAMS 0x0000000085700000, 0x0000000085700000| Untracked 
|  58|0x0000000085800000, 0x0000000085800000, 0x0000000085900000|  0%| F|  |TAMS 0x0000000085800000, 0x0000000085800000| Untracked 
|  59|0x0000000085900000, 0x0000000085900000, 0x0000000085a00000|  0%| F|  |TAMS 0x0000000085900000, 0x0000000085900000| Untracked 
|  60|0x0000000085a00000, 0x0000000085a00000, 0x0000000085b00000|  0%| F|  |TAMS 0x0000000085a00000, 0x0000000085a00000| Untracked 
|  61|0x0000000085b00000, 0x0000000085b00000, 0x0000000085c00000|  0%| F|  |TAMS 0x0000000085b00000, 0x0000000085b00000| Untracked 
|  62|0x0000000085c00000, 0x0000000085c00000, 0x0000000085d00000|  0%| F|  |TAMS 0x0000000085c00000, 0x0000000085c00000| Untracked 
|  63|0x0000000085d00000, 0x0000000085d00000, 0x0000000085e00000|  0%| F|  |TAMS 0x0000000085d00000, 0x0000000085d00000| Untracked 
|  64|0x0000000085e00000, 0x0000000085e00000, 0x0000000085f00000|  0%| F|  |TAMS 0x0000000085e00000, 0x0000000085e00000| Untracked 
|  65|0x0000000085f00000, 0x0000000085f00000, 0x0000000086000000|  0%| F|  |TAMS 0x0000000085f00000, 0x0000000085f00000| Untracked 
|  66|0x0000000086000000, 0x0000000086000000, 0x0000000086100000|  0%| F|  |TAMS 0x0000000086000000, 0x0000000086000000| Untracked 
|  67|0x0000000086100000, 0x0000000086100000, 0x0000000086200000|  0%| F|  |TAMS 0x0000000086100000, 0x0000000086100000| Untracked 
|  68|0x0000000086200000, 0x0000000086200000, 0x0000000086300000|  0%| F|  |TAMS 0x0000000086200000, 0x0000000086200000| Untracked 
|  69|0x0000000086300000, 0x0000000086300000, 0x0000000086400000|  0%| F|  |TAMS 0x0000000086300000, 0x0000000086300000| Untracked 
|  70|0x0000000086400000, 0x0000000086400000, 0x0000000086500000|  0%| F|  |TAMS 0x0000000086400000, 0x0000000086400000| Untracked 
|  71|0x0000000086500000, 0x0000000086500000, 0x0000000086600000|  0%| F|  |TAMS 0x0000000086500000, 0x0000000086500000| Untracked 
|  72|0x0000000086600000, 0x0000000086600000, 0x0000000086700000|  0%| F|  |TAMS 0x0000000086600000, 0x0000000086600000| Untracked 
|  73|0x0000000086700000, 0x0000000086700000, 0x0000000086800000|  0%| F|  |TAMS 0x0000000086700000, 0x0000000086700000| Untracked 
|  74|0x0000000086800000, 0x0000000086800000, 0x0000000086900000|  0%| F|  |TAMS 0x0000000086800000, 0x0000000086800000| Untracked 
|  75|0x0000000086900000, 0x0000000086900000, 0x0000000086a00000|  0%| F|  |TAMS 0x0000000086900000, 0x0000000086900000| Untracked 
|  76|0x0000000086a00000, 0x0000000086a00000, 0x0000000086b00000|  0%| F|  |TAMS 0x0000000086a00000, 0x0000000086a00000| Untracked 
|  77|0x0000000086b00000, 0x0000000086b00000, 0x0000000086c00000|  0%| F|  |TAMS 0x0000000086b00000, 0x0000000086b00000| Untracked 
|  78|0x0000000086c00000, 0x0000000086c00000, 0x0000000086d00000|  0%| F|  |TAMS 0x0000000086c00000, 0x0000000086c00000| Untracked 
|  79|0x0000000086d00000, 0x0000000086d00000, 0x0000000086e00000|  0%| F|  |TAMS 0x0000000086d00000, 0x0000000086d00000| Untracked 
|  80|0x0000000086e00000, 0x0000000086e00000, 0x0000000086f00000|  0%| F|  |TAMS 0x0000000086e00000, 0x0000000086e00000| Untracked 
|  81|0x0000000086f00000, 0x0000000086f00000, 0x0000000087000000|  0%| F|  |TAMS 0x0000000086f00000, 0x0000000086f00000| Untracked 
|  82|0x0000000087000000, 0x0000000087000000, 0x0000000087100000|  0%| F|  |TAMS 0x0000000087000000, 0x0000000087000000| Untracked 
|  83|0x0000000087100000, 0x0000000087100000, 0x0000000087200000|  0%| F|  |TAMS 0x0000000087100000, 0x0000000087100000| Untracked 
|  84|0x0000000087200000, 0x0000000087200000, 0x0000000087300000|  0%| F|  |TAMS 0x0000000087200000, 0x0000000087200000| Untracked 
|  85|0x0000000087300000, 0x0000000087300000, 0x0000000087400000|  0%| F|  |TAMS 0x0000000087300000, 0x0000000087300000| Untracked 
|  86|0x0000000087400000, 0x0000000087400000, 0x0000000087500000|  0%| F|  |TAMS 0x0000000087400000, 0x0000000087400000| Untracked 
|  87|0x0000000087500000, 0x0000000087500000, 0x0000000087600000|  0%| F|  |TAMS 0x0000000087500000, 0x0000000087500000| Untracked 
|  88|0x0000000087600000, 0x0000000087600000, 0x0000000087700000|  0%| F|  |TAMS 0x0000000087600000, 0x0000000087600000| Untracked 
|  89|0x0000000087700000, 0x0000000087700000, 0x0000000087800000|  0%| F|  |TAMS 0x0000000087700000, 0x0000000087700000| Untracked 
|  90|0x0000000087800000, 0x0000000087800000, 0x0000000087900000|  0%| F|  |TAMS 0x0000000087800000, 0x0000000087800000| Untracked 
|  91|0x0000000087900000, 0x0000000087900000, 0x0000000087a00000|  0%| F|  |TAMS 0x0000000087900000, 0x0000000087900000| Untracked 
|  92|0x0000000087a00000, 0x0000000087a00000, 0x0000000087b00000|  0%| F|  |TAMS 0x0000000087a00000, 0x0000000087a00000| Untracked 
|  93|0x0000000087b00000, 0x0000000087b00000, 0x0000000087c00000|  0%| F|  |TAMS 0x0000000087b00000, 0x0000000087b00000| Untracked 
|  94|0x0000000087c00000, 0x0000000087c00000, 0x0000000087d00000|  0%| F|  |TAMS 0x0000000087c00000, 0x0000000087c00000| Untracked 
|  95|0x0000000087d00000, 0x0000000087d00000, 0x0000000087e00000|  0%| F|  |TAMS 0x0000000087d00000, 0x0000000087d00000| Untracked 
|  96|0x0000000087e00000, 0x0000000087e00000, 0x0000000087f00000|  0%| F|  |TAMS 0x0000000087e00000, 0x0000000087e00000| Untracked 
|  97|0x0000000087f00000, 0x0000000087f00000, 0x0000000088000000|  0%| F|  |TAMS 0x0000000087f00000, 0x0000000087f00000| Untracked 
|  98|0x0000000088000000, 0x0000000088000000, 0x0000000088100000|  0%| F|  |TAMS 0x0000000088000000, 0x0000000088000000| Untracked 
|  99|0x0000000088100000, 0x0000000088100000, 0x0000000088200000|  0%| F|  |TAMS 0x0000000088100000, 0x0000000088100000| Untracked 
| 100|0x0000000088200000, 0x0000000088200000, 0x0000000088300000|  0%| F|  |TAMS 0x0000000088200000, 0x0000000088200000| Untracked 
| 101|0x0000000088300000, 0x0000000088300000, 0x0000000088400000|  0%| F|  |TAMS 0x0000000088300000, 0x0000000088300000| Untracked 
| 102|0x0000000088400000, 0x0000000088400000, 0x0000000088500000|  0%| F|  |TAMS 0x0000000088400000, 0x0000000088400000| Untracked 
| 103|0x0000000088500000, 0x0000000088500000, 0x0000000088600000|  0%| F|  |TAMS 0x0000000088500000, 0x0000000088500000| Untracked 
| 104|0x0000000088600000, 0x0000000088600000, 0x0000000088700000|  0%| F|  |TAMS 0x0000000088600000, 0x0000000088600000| Untracked 
| 105|0x0000000088700000, 0x0000000088700000, 0x0000000088800000|  0%| F|  |TAMS 0x0000000088700000, 0x0000000088700000| Untracked 
| 106|0x0000000088800000, 0x0000000088800000, 0x0000000088900000|  0%| F|  |TAMS 0x0000000088800000, 0x0000000088800000| Untracked 
| 107|0x0000000088900000, 0x0000000088900000, 0x0000000088a00000|  0%| F|  |TAMS 0x0000000088900000, 0x0000000088900000| Untracked 
| 108|0x0000000088a00000, 0x0000000088a00000, 0x0000000088b00000|  0%| F|  |TAMS 0x0000000088a00000, 0x0000000088a00000| Untracked 
| 109|0x0000000088b00000, 0x0000000088b00000, 0x0000000088c00000|  0%| F|  |TAMS 0x0000000088b00000, 0x0000000088b00000| Untracked 
| 110|0x0000000088c00000, 0x0000000088c00000, 0x0000000088d00000|  0%| F|  |TAMS 0x0000000088c00000, 0x0000000088c00000| Untracked 
| 111|0x0000000088d00000, 0x0000000088d00000, 0x0000000088e00000|  0%| F|  |TAMS 0x0000000088d00000, 0x0000000088d00000| Untracked 
| 112|0x0000000088e00000, 0x0000000088e00000, 0x0000000088f00000|  0%| F|  |TAMS 0x0000000088e00000, 0x0000000088e00000| Untracked 
| 113|0x0000000088f00000, 0x0000000088f00000, 0x0000000089000000|  0%| F|  |TAMS 0x0000000088f00000, 0x0000000088f00000| Untracked 
| 114|0x0000000089000000, 0x0000000089000000, 0x0000000089100000|  0%| F|  |TAMS 0x0000000089000000, 0x0000000089000000| Untracked 
| 115|0x0000000089100000, 0x0000000089100000, 0x0000000089200000|  0%| F|  |TAMS 0x0000000089100000, 0x0000000089100000| Untracked 
| 116|0x0000000089200000, 0x0000000089200000, 0x0000000089300000|  0%| F|  |TAMS 0x0000000089200000, 0x0000000089200000| Untracked 
| 117|0x0000000089300000, 0x0000000089300000, 0x0000000089400000|  0%| F|  |TAMS 0x0000000089300000, 0x0000000089300000| Untracked 
| 118|0x0000000089400000, 0x0000000089400000, 0x0000000089500000|  0%| F|  |TAMS 0x0000000089400000, 0x0000000089400000| Untracked 
| 119|0x0000000089500000, 0x0000000089500000, 0x0000000089600000|  0%| F|  |TAMS 0x0000000089500000, 0x0000000089500000| Untracked 
| 120|0x0000000089600000, 0x0000000089600000, 0x0000000089700000|  0%| F|  |TAMS 0x0000000089600000, 0x0000000089600000| Untracked 
| 121|0x0000000089700000, 0x0000000089700000, 0x0000000089800000|  0%| F|  |TAMS 0x0000000089700000, 0x0000000089700000| Untracked 
| 122|0x0000000089800000, 0x0000000089800000, 0x0000000089900000|  0%| F|  |TAMS 0x0000000089800000, 0x0000000089800000| Untracked 
| 123|0x0000000089900000, 0x0000000089900000, 0x0000000089a00000|  0%| F|  |TAMS 0x0000000089900000, 0x0000000089900000| Untracked 
| 124|0x0000000089a00000, 0x0000000089a00000, 0x0000000089b00000|  0%| F|  |TAMS 0x0000000089a00000, 0x0000000089a00000| Untracked 
| 125|0x0000000089b00000, 0x0000000089b00000, 0x0000000089c00000|  0%| F|  |TAMS 0x0000000089b00000, 0x0000000089b00000| Untracked 
| 126|0x0000000089c00000, 0x0000000089c76f10, 0x0000000089d00000| 46%| E|  |TAMS 0x0000000089c00000, 0x0000000089c00000| Complete 
| 127|0x0000000089d00000, 0x0000000089e00000, 0x0000000089e00000|100%| E|CS|TAMS 0x0000000089d00000, 0x0000000089d00000| Complete 

Card table byte_map: [0x0000013e7eb20000,0x0000013e7ef20000] _byte_map_base: 0x0000013e7e711000

Marking Bits (Prev, Next): (CMBitMap*) 0x0000013e7e363658, (CMBitMap*) 0x0000013e7e363698
 Prev Bits: [0x0000013e12bf0000, 0x0000013e14b78000)
 Next Bits: [0x0000013e14b80000, 0x0000013e16b08000)

Polling page: 0x0000013e7c1f0000

Metaspace:

Usage:
  Non-class:      4.22 MB capacity,     4.18 MB (>99%) used,    37.12 KB ( <1%) free+waste,   768 bytes ( <1%) overhead. 
      Class:    432.00 KB capacity,   424.23 KB ( 98%) used,     7.15 KB (  2%) free+waste,   640 bytes ( <1%) overhead. 
       Both:      4.64 MB capacity,     4.60 MB (>99%) used,    44.27 KB ( <1%) free+waste,     1.38 KB ( <1%) overhead. 

Virtual space:
  Non-class space:        8.00 MB reserved,       4.25 MB ( 53%) committed 
      Class space:        1.00 GB reserved,     512.00 KB ( <1%) committed 
             Both:        1.01 GB reserved,       4.75 MB ( <1%) committed 

Chunk freelists:
   Non-Class:  32.00 KB
       Class:  16.00 KB
        Both:  48.00 KB

MaxMetaspaceSize: 17179869184.00 GB
CompressedClassSpaceSize: 1.00 GB

CodeHeap 'non-profiled nmethods': size=120000Kb used=19Kb max_used=19Kb free=119980Kb
 bounds [0x0000013e0b6c0000, 0x0000013e0b930000, 0x0000013e12bf0000]
CodeHeap 'profiled nmethods': size=120000Kb used=140Kb max_used=140Kb free=119859Kb
 bounds [0x0000013e04190000, 0x0000013e04400000, 0x0000013e0b6c0000]
CodeHeap 'non-nmethods': size=5760Kb used=1062Kb max_used=1067Kb free=4697Kb
 bounds [0x0000013e03bf0000, 0x0000013e03e60000, 0x0000013e04190000]
 total_blobs=384 nmethods=99 adapters=198
 compilation: enabled
              stopped_count=0, restarted_count=0
 full_count=0

Compilation events (20 events):
Event: 0.081 Thread 0x0000013e19383000   90       3       java.lang.String::indexOf (7 bytes)
Event: 0.081 Thread 0x0000013e19383000 nmethod 90 0x0000013e041af690 code [0x0000013e041af860, 0x0000013e041afb58]
Event: 0.082 Thread 0x0000013e19383000   91       3       java.lang.AbstractStringBuilder::putStringAt (29 bytes)
Event: 0.082 Thread 0x0000013e19383000 nmethod 91 0x0000013e041afc90 code [0x0000013e041afe60, 0x0000013e041b0158]
Event: 0.082 Thread 0x0000013e19383000   92       3       java.lang.AbstractStringBuilder::getCoder (15 bytes)
Event: 0.082 Thread 0x0000013e19383000 nmethod 92 0x0000013e041b0290 code [0x0000013e041b0420, 0x0000013e041b0558]
Event: 0.084 Thread 0x0000013e19383000   93       3       java.lang.StringUTF16::length (5 bytes)
Event: 0.084 Thread 0x0000013e19383000 nmethod 93 0x0000013e041b0610 code [0x0000013e041b07a0, 0x0000013e041b0898]
Event: 0.085 Thread 0x0000013e19383000   94       3       java.lang.String::isEmpty (14 bytes)
Event: 0.085 Thread 0x0000013e19383000 nmethod 94 0x0000013e041b0990 code [0x0000013e041b0b20, 0x0000013e041b0c78]
Event: 0.085 Thread 0x0000013e19383000   95       3       java.lang.Math::min (11 bytes)
Event: 0.085 Thread 0x0000013e19383000 nmethod 95 0x0000013e041b0d10 code [0x0000013e041b0ea0, 0x0000013e041b0fd8]
Event: 0.085 Thread 0x0000013e19383000   98       3       java.lang.String::<init> (15 bytes)
Event: 0.085 Thread 0x0000013e19383000 nmethod 98 0x0000013e041b1090 code [0x0000013e041b1220, 0x0000013e041b13d8]
Event: 0.085 Thread 0x0000013e19383000   96       3       java.lang.StringBuilder::append (8 bytes)
Event: 0.085 Thread 0x0000013e19383000 nmethod 96 0x0000013e041b1490 code [0x0000013e041b1640, 0x0000013e041b1788]
Event: 0.085 Thread 0x0000013e19383000   97       3       java.lang.AbstractStringBuilder::append (45 bytes)
Event: 0.085 Thread 0x0000013e19383000 nmethod 97 0x0000013e041b1810 code [0x0000013e041b1a20, 0x0000013e041b1f38]
Event: 0.085 Thread 0x0000013e19383000   99       3       java.util.Arrays::copyOfRange (64 bytes)
Event: 0.086 Thread 0x0000013e19383000 nmethod 99 0x0000013e041b2190 code [0x0000013e041b2420, 0x0000013e041b2f58]

GC Heap History (0 events):
No events

Deoptimization events (0 events):
No events

Classes unloaded (0 events):
No events

Classes redefined (0 events):
No events

Internal exceptions (0 events):
No events

Events (20 events):
Event: 0.083 loading class java/util/regex/Matcher
Event: 0.083 loading class java/util/regex/MatchResult
Event: 0.083 loading class java/util/regex/MatchResult done
Event: 0.083 loading class java/util/regex/Matcher done
Event: 0.083 loading class java/util/regex/IntHashSet
Event: 0.083 loading class java/util/regex/IntHashSet done
Event: 0.083 loading class java/util/TreeMap$Entry
Event: 0.083 loading class java/util/TreeMap$Entry done
Event: 0.083 loading class java/util/TreeMap$KeySet
Event: 0.084 loading class java/util/TreeMap$KeySet done
Event: 0.084 loading class java/util/TreeMap$KeyIterator
Event: 0.084 loading class java/util/TreeMap$PrivateEntryIterator
Event: 0.084 loading class java/util/TreeMap$PrivateEntryIterator done
Event: 0.084 loading class java/util/TreeMap$KeyIterator done
Event: 0.085 loading class java/lang/NoSuchMethodException
Event: 0.085 loading class java/lang/NoSuchMethodException done
Event: 0.085 loading class java/lang/SecurityException
Event: 0.085 loading class java/lang/SecurityException done
Event: 0.085 loading class java/lang/InterruptedException
Event: 0.085 loading class java/lang/InterruptedException done


Dynamic libraries:
0x00007ff6d5450000 - 0x00007ff6d545d000 	C:\Users\KB\.p2\pool\plugins\org.eclipse.justj.openjdk.hotspot.jre.full.win32.x86_64_14.0.2.v20200815-0932\jre\bin\javaw.exe
0x00007ffa37540000 - 0x00007ffa37730000 	C:\Windows\SYSTEM32\ntdll.dll
0x00007ffa36350000 - 0x00007ffa36402000 	C:\Windows\System32\KERNEL32.DLL
0x00007ffa34700000 - 0x00007ffa349a5000 	C:\Windows\System32\KERNELBASE.dll
0x00007ffa34600000 - 0x00007ffa346fa000 	C:\Windows\System32\ucrtbase.dll
0x00007ffa21c00000 - 0x00007ffa21c18000 	C:\Users\KB\.p2\pool\plugins\org.eclipse.justj.openjdk.hotspot.jre.full.win32.x86_64_14.0.2.v20200815-0932\jre\bin\jli.dll
0x00007ffa1b4e0000 - 0x00007ffa1b4f5000 	C:\Users\KB\.p2\pool\plugins\org.eclipse.justj.openjdk.hotspot.jre.full.win32.x86_64_14.0.2.v20200815-0932\jre\bin\VCRUNTIME140.dll
0x00007ffa355f0000 - 0x00007ffa35784000 	C:\Windows\System32\USER32.dll
0x00007ffa355c0000 - 0x00007ffa355e1000 	C:\Windows\System32\win32u.dll
0x00007ffa37430000 - 0x00007ffa37456000 	C:\Windows\System32\GDI32.dll
0x00007ffa1db60000 - 0x00007ffa1dde4000 	C:\Windows\WinSxS\amd64_microsoft.windows.common-controls_6595b64144ccf1df_6.0.18362.1316_none_9e7a364fe461dbd7\COMCTL32.dll
0x00007ffa35420000 - 0x00007ffa355b8000 	C:\Windows\System32\gdi32full.dll
0x00007ffa36850000 - 0x00007ffa368ee000 	C:\Windows\System32\msvcrt.dll
0x00007ffa349e0000 - 0x00007ffa34a7e000 	C:\Windows\System32\msvcp_win.dll
0x00007ffa36010000 - 0x00007ffa36347000 	C:\Windows\System32\combase.dll
0x00007ffa36410000 - 0x00007ffa3652f000 	C:\Windows\System32\RPCRT4.dll
0x00007ffa34570000 - 0x00007ffa345f1000 	C:\Windows\System32\bcryptPrimitives.dll
0x00007ffa36e30000 - 0x00007ffa36e5e000 	C:\Windows\System32\IMM32.DLL
0x00007ffa142f0000 - 0x00007ffa1438b000 	C:\Users\KB\.p2\pool\plugins\org.eclipse.justj.openjdk.hotspot.jre.full.win32.x86_64_14.0.2.v20200815-0932\jre\bin\msvcp140.dll
0x00007ff9f52a0000 - 0x00007ff9f5dbe000 	C:\Users\KB\.p2\pool\plugins\org.eclipse.justj.openjdk.hotspot.jre.full.win32.x86_64_14.0.2.v20200815-0932\jre\bin\server\jvm.dll
0x00007ffa37070000 - 0x00007ffa37113000 	C:\Windows\System32\ADVAPI32.dll
0x00007ffa37460000 - 0x00007ffa374f7000 	C:\Windows\System32\sechost.dll
0x00007ffa36640000 - 0x00007ffa36648000 	C:\Windows\System32\PSAPI.DLL
0x00007ffa2c7c0000 - 0x00007ffa2c7c9000 	C:\Windows\SYSTEM32\WSOCK32.dll
0x00007ffa2f9d0000 - 0x00007ffa2f9da000 	C:\Windows\SYSTEM32\VERSION.dll
0x00007ffa32350000 - 0x00007ffa32374000 	C:\Windows\SYSTEM32\WINMM.dll
0x00007ffa36650000 - 0x00007ffa366bf000 	C:\Windows\System32\WS2_32.dll
0x00007ffa31ed0000 - 0x00007ffa31efd000 	C:\Windows\SYSTEM32\winmmbase.dll
0x00007ffa35350000 - 0x00007ffa3539a000 	C:\Windows\System32\cfgmgr32.dll
0x00007ffa34430000 - 0x00007ffa34441000 	C:\Windows\System32\kernel.appcore.dll
0x00007ffa2c7b0000 - 0x00007ffa2c7ba000 	C:\Users\KB\.p2\pool\plugins\org.eclipse.justj.openjdk.hotspot.jre.full.win32.x86_64_14.0.2.v20200815-0932\jre\bin\jimage.dll
0x00007ffa241b0000 - 0x00007ffa243a4000 	C:\Windows\SYSTEM32\DBGHELP.DLL
0x00007ffa23a40000 - 0x00007ffa23a6a000 	C:\Windows\SYSTEM32\dbgcore.DLL
0x00007ffa24450000 - 0x00007ffa24475000 	C:\Users\KB\.p2\pool\plugins\org.eclipse.justj.openjdk.hotspot.jre.full.win32.x86_64_14.0.2.v20200815-0932\jre\bin\java.dll
0x00007ffa29e80000 - 0x00007ffa29e96000 	C:\Users\KB\.p2\pool\plugins\org.eclipse.justj.openjdk.hotspot.jre.full.win32.x86_64_14.0.2.v20200815-0932\jre\bin\zip.dll
0x00007ffa357f0000 - 0x00007ffa35ed8000 	C:\Windows\System32\SHELL32.dll
0x00007ffa366c0000 - 0x00007ffa36767000 	C:\Windows\System32\shcore.dll
0x00007ffa34a80000 - 0x00007ffa351fb000 	C:\Windows\System32\windows.storage.dll
0x00007ffa34400000 - 0x00007ffa34423000 	C:\Windows\System32\profapi.dll
0x00007ffa34470000 - 0x00007ffa344ba000 	C:\Windows\System32\powrprof.dll
0x00007ffa343f0000 - 0x00007ffa34400000 	C:\Windows\System32\UMPDC.dll
0x00007ffa35790000 - 0x00007ffa357e2000 	C:\Windows\System32\shlwapi.dll
0x00007ffa353a0000 - 0x00007ffa353b7000 	C:\Windows\System32\cryptsp.dll
0x00007ffa25a50000 - 0x00007ffa25a69000 	C:\Users\KB\.p2\pool\plugins\org.eclipse.justj.openjdk.hotspot.jre.full.win32.x86_64_14.0.2.v20200815-0932\jre\bin\net.dll
0x00007ffa2ccb0000 - 0x00007ffa2cda0000 	C:\Windows\SYSTEM32\WINHTTP.dll
0x00007ffa33bd0000 - 0x00007ffa33c37000 	C:\Windows\system32\mswsock.dll
0x00007ffa24070000 - 0x00007ffa24082000 	C:\Users\KB\.p2\pool\plugins\org.eclipse.justj.openjdk.hotspot.jre.full.win32.x86_64_14.0.2.v20200815-0932\jre\bin\nio.dll
0x00007ffa2ad50000 - 0x00007ffa2ad60000 	C:\Users\KB\.p2\pool\plugins\org.eclipse.justj.openjdk.hotspot.jre.full.win32.x86_64_14.0.2.v20200815-0932\jre\bin\verify.dll
0x0000000071100000 - 0x0000000071125000 	C:\Users\KB\.jssc\windows\jSSC-2.8_x86_64.dll

dbghelp: loaded successfully - version: 4.0.5 - missing functions: none
symbol engine: initialized successfully - sym options: 0x614 - pdb path: .;C:\Users\KB\.p2\pool\plugins\org.eclipse.justj.openjdk.hotspot.jre.full.win32.x86_64_14.0.2.v20200815-0932\jre\bin;C:\Windows\SYSTEM32;C:\Windows\WinSxS\amd64_microsoft.windows.common-controls_6595b64144ccf1df_6.0.18362.1316_none_9e7a364fe461dbd7;C:\Users\KB\.p2\pool\plugins\org.eclipse.justj.openjdk.hotspot.jre.full.win32.x86_64_14.0.2.v20200815-0932\jre\bin\server;C:\Users\KB\.jssc\windows

VM Arguments:
jvm_args: -Dfile.encoding=UTF-8 -XX:+ShowCodeDetailsInExceptionMessages 
java_command: serial.MySerial
java_class_path (initial): C:\Users\KB\Desktop\totototo\201126-210604\210210\serial\bin;C:\Users\KB\Desktop\totototo\201126-210604\210210\serial\lib\jssc.jar
Launcher Type: SUN_STANDARD

[Global flags]
     intx CICompilerCount                          = 4                                         {product} {ergonomic}
     uint ConcGCThreads                            = 2                                         {product} {ergonomic}
     uint G1ConcRefinementThreads                  = 8                                         {product} {ergonomic}
   size_t G1HeapRegionSize                         = 1048576                                   {product} {ergonomic}
    uintx GCDrainStackTargetSize                   = 64                                        {product} {ergonomic}
   size_t InitialHeapSize                          = 134217728                                 {product} {ergonomic}
   size_t MarkStackSize                            = 4194304                                   {product} {ergonomic}
   size_t MaxHeapSize                              = 2116026368                                {product} {ergonomic}
   size_t MaxNewSize                               = 1268776960                                {product} {ergonomic}
   size_t MinHeapDeltaBytes                        = 1048576                                   {product} {ergonomic}
   size_t MinHeapSize                              = 8388608                                   {product} {ergonomic}
    uintx NonNMethodCodeHeapSize                   = 5839372                                {pd product} {ergonomic}
    uintx NonProfiledCodeHeapSize                  = 122909434                              {pd product} {ergonomic}
    uintx ProfiledCodeHeapSize                     = 122909434                              {pd product} {ergonomic}
    uintx ReservedCodeCacheSize                    = 251658240                              {pd product} {ergonomic}
     bool SegmentedCodeCache                       = true                                      {product} {ergonomic}
     bool ShowCodeDetailsInExceptionMessages       = true                                   {manageable} {command line}
   size_t SoftMaxHeapSize                          = 2116026368                             {manageable} {ergonomic}
     bool UseCompressedClassPointers               = true                                 {lp64_product} {ergonomic}
     bool UseCompressedOops                        = true                                 {lp64_product} {ergonomic}
     bool UseG1GC                                  = true                                      {product} {ergonomic}
     bool UseLargePagesIndividualAllocation        = false                                  {pd product} {ergonomic}

Logging:
Log output configuration:
 #0: stdout all=warning uptime,level,tags
 #1: stderr all=off uptime,level,tags

Environment Variables:
JAVA_HOME=C:\Program Files\Java\jdk1.8.0_271
JRE_HOME=C:\Program Files\Java\jre1.8.0_271
CLASSPATH=%classpath%;;;
PATH=C:/Users/KB/.p2/pool/plugins/org.eclipse.justj.openjdk.hotspot.jre.full.win32.x86_64_14.0.2.v20200815-0932/jre/bin/server;C:/Users/KB/.p2/pool/plugins/org.eclipse.justj.openjdk.hotspot.jre.full.win32.x86_64_14.0.2.v20200815-0932/jre/bin;C:\Program Files\Java\jdk1.8.0_271\bin;C:\Program Files (x86)\Common Files\Oracle\Java\javapath;C:\Windows\system32;C:\Windows;C:\Windows\System32\Wbem;C:\Windows\System32\WindowsPowerShell\v1.0\;C:\Windows\System32\OpenSSH\;C:\Program Files (x86)\AOMEI Backupper;c:\Program Files (x86)\Microsoft SQL Server\100\Tools\Binn\;c:\Program Files\Microsoft SQL Server\100\Tools\Binn\;c:\Program Files\Microsoft SQL Server\100\DTS\Binn\;C:\Program Files\dotnet\;C:\Program Files\Microsoft SQL Server\130\Tools\Binn\;C:\Program Files\Microsoft SQL Server\Client SDK\ODBC\170\Tools\Binn\;C:\Program Files\Git\cmd;C:\Program Files\MySQL\MySQL Shell 8.0\bin\;C:\Users\KB\AppData\Local\Microsoft\WindowsApps;C:\Program Files\Bandizip\7z;C:\Users\KB\AppData\Local\Programs\Microsoft VS Code\bin;C:\Users\KB\.dotnet\tools;C:\Users\KB\AppData\Local\GitHubDesktop\bin;C:\Users\KB\Desktop;
USERNAME=KB
OS=Windows_NT
PROCESSOR_IDENTIFIER=Intel64 Family 6 Model 158 Stepping 13, GenuineIntel



---------------  S Y S T E M  ---------------

OS: Windows 10 , 64 bit Build 18362 (10.0.18362.1316)
OS uptime: 2 days 2:20 hours

CPU:total 8 (initial active 8) (8 cores per cpu, 1 threads per core) family 6 model 158 stepping 13, cmov, cx8, fxsr, mmx, sse, sse2, sse3, ssse3, sse4.1, sse4.2, popcnt, avx, avx2, aes, clmul, erms, rtm, 3dnowpref, lzcnt, tsc, tscinvbit, bmi1, bmi2, adx, fma

Memory: 4k page, system-wide physical 8065M (3041M free)
TotalPageFile size 9345M (AvailPageFile size 2952M)
current process WorkingSet (physical memory assigned to process): 31M, peak: 31M
current process commit charge ("private bytes"): 204M, peak: 204M

vm_info: OpenJDK 64-Bit Server VM (14.0.2+12-46) for windows-amd64 JRE (14.0.2+12-46), built on Jul  9 2020 00:31:16 by "mach5one" with MS VC++ 15.9 (VS2017)

END.
